G:\IDEAS\DSCM-CAU\SAPSO\SAPSO1\SAPSO1\X64\RELEASE\SUBWINDOWS.OBJ
G:\IDEAS\DSCM-CAU\SAPSO\SAPSO1\SAPSO1\X64\RELEASE\MAIN.OBJ
G:\IDEAS\DSCM-CAU\SAPSO\SAPSO1\SAPSO1\X64\RELEASE\FILE.OBJ
G:\IDEAS\DSCM-CAU\SAPSO\SAPSO1\SAPSO1\X64\RELEASE\VC110.PDB
G:\IDEAS\DSCM-CAU\SAPSO\SAPSO1\X64\RELEASE\SAPSO1.EXE
G:\IDEAS\DSCM-CAU\SAPSO\SAPSO1\X64\RELEASE\SAPSO1.PDB
G:\Ideas\DSCM-CAU\SAPSO\SAPSO1\SAPSO1\x64\Release\File.obj
G:\Ideas\DSCM-CAU\SAPSO\SAPSO1\SAPSO1\x64\Release\main.obj
G:\Ideas\DSCM-CAU\SAPSO\SAPSO1\SAPSO1\x64\Release\subwindows.obj
G:\Ideas\DSCM-CAU\SAPSO\SAPSO1\SAPSO1\x64\Release\cl.command.1.tlog
G:\Ideas\DSCM-CAU\SAPSO\SAPSO1\SAPSO1\x64\Release\CL.read.1.tlog
G:\Ideas\DSCM-CAU\SAPSO\SAPSO1\SAPSO1\x64\Release\CL.write.1.tlog
G:\Ideas\DSCM-CAU\SAPSO\SAPSO1\SAPSO1\x64\Release\link-cvtres.read.1.tlog
G:\Ideas\DSCM-CAU\SAPSO\SAPSO1\SAPSO1\x64\Release\link-cvtres.write.1.tlog
G:\Ideas\DSCM-CAU\SAPSO\SAPSO1\SAPSO1\x64\Release\link-rc.read.1.tlog
G:\Ideas\DSCM-CAU\SAPSO\SAPSO1\SAPSO1\x64\Release\link-rc.write.1.tlog
G:\Ideas\DSCM-CAU\SAPSO\SAPSO1\SAPSO1\x64\Release\link.command.1.tlog
G:\Ideas\DSCM-CAU\SAPSO\SAPSO1\SAPSO1\x64\Release\link.read.1.tlog
G:\Ideas\DSCM-CAU\SAPSO\SAPSO1\SAPSO1\x64\Release\link.write.1.tlog
G:\Ideas\DSCM-CAU\SAPSO\SAPSO1\SAPSO1\x64\Release\vc110.pdb
G:\Ideas\DSCM-CAU\SAPSO\SAPSO1\x64\Release\SAPSO1.pdb
G:\Ideas\DSCM-CAU\SAPSO\SAPSO1\x64\Release\SAPSO1.exe
