生成启动时间为 2022-12-13 14:56:00。
     1>项目“G:\Ideas\DSCM-CAU\SAPSO\SAPSO1\SAPSO1\SAPSO1.vcxproj”在节点 2 上(Rebuild 个目标)。
     1>ClCompile:
         E:\Program and Software\Visual Studio 2012\VC\bin\x86_amd64\CL.exe /c /Zi /nologo /W3 /WX- /O2 /Oi /GL /D WIN32 /D NDEBUG /D _CONSOLE /D _UNICODE /D UNICODE /Gm- /EHsc /MD /GS /Gy /fp:precise /Zc:wchar_t /Zc:forScope /Fo"x64\Release\\" /Fd"x64\Release\vc110.pdb" /Gd /TP /errorReport:prompt File.cpp main.cpp subwindows.cpp
         File.cpp
     1>File.cpp(8): warning C4267: “=”: 从“size_t”转换到“int”，可能丢失数据
     1>File.cpp(51): warning C4267: “=”: 从“size_t”转换到“int”，可能丢失数据
         main.cpp
     1>main.cpp(102): warning C4996: 'fopen': This function or variable may be unsafe. Consider using fopen_s instead. To disable deprecation, use _CRT_SECURE_NO_WARNINGS. See online help for details.
                 E:\Program and Software\Visual Studio 2012\VC\include\stdio.h(218) : 参见“fopen”的声明
     1>main.cpp(103): warning C4996: 'fscanf': This function or variable may be unsafe. Consider using fscanf_s instead. To disable deprecation, use _CRT_SECURE_NO_WARNINGS. See online help for details.
                 E:\Program and Software\Visual Studio 2012\VC\include\stdio.h(237) : 参见“fscanf”的声明
     1>main.cpp(107): warning C4996: 'sprintf': This function or variable may be unsafe. Consider using sprintf_s instead. To disable deprecation, use _CRT_SECURE_NO_WARNINGS. See online help for details.
                 E:\Program and Software\Visual Studio 2012\VC\include\stdio.h(357) : 参见“sprintf”的声明
     1>main.cpp(108): warning C4996: 'fopen': This function or variable may be unsafe. Consider using fopen_s instead. To disable deprecation, use _CRT_SECURE_NO_WARNINGS. See online help for details.
                 E:\Program and Software\Visual Studio 2012\VC\include\stdio.h(218) : 参见“fopen”的声明
     1>main.cpp(111): warning C4996: 'fscanf': This function or variable may be unsafe. Consider using fscanf_s instead. To disable deprecation, use _CRT_SECURE_NO_WARNINGS. See online help for details.
                 E:\Program and Software\Visual Studio 2012\VC\include\stdio.h(237) : 参见“fscanf”的声明
     1>main.cpp(113): warning C4996: 'fscanf': This function or variable may be unsafe. Consider using fscanf_s instead. To disable deprecation, use _CRT_SECURE_NO_WARNINGS. See online help for details.
                 E:\Program and Software\Visual Studio 2012\VC\include\stdio.h(237) : 参见“fscanf”的声明
     1>main.cpp(115): warning C4996: 'fscanf': This function or variable may be unsafe. Consider using fscanf_s instead. To disable deprecation, use _CRT_SECURE_NO_WARNINGS. See online help for details.
                 E:\Program and Software\Visual Studio 2012\VC\include\stdio.h(237) : 参见“fscanf”的声明
     1>main.cpp(117): warning C4996: 'fscanf': This function or variable may be unsafe. Consider using fscanf_s instead. To disable deprecation, use _CRT_SECURE_NO_WARNINGS. See online help for details.
                 E:\Program and Software\Visual Studio 2012\VC\include\stdio.h(237) : 参见“fscanf”的声明
     1>main.cpp(119): warning C4996: 'fscanf': This function or variable may be unsafe. Consider using fscanf_s instead. To disable deprecation, use _CRT_SECURE_NO_WARNINGS. See online help for details.
                 E:\Program and Software\Visual Studio 2012\VC\include\stdio.h(237) : 参见“fscanf”的声明
     1>main.cpp(126): warning C4996: 'fscanf': This function or variable may be unsafe. Consider using fscanf_s instead. To disable deprecation, use _CRT_SECURE_NO_WARNINGS. See online help for details.
                 E:\Program and Software\Visual Studio 2012\VC\include\stdio.h(237) : 参见“fscanf”的声明
     1>main.cpp(129): warning C4996: 'fscanf': This function or variable may be unsafe. Consider using fscanf_s instead. To disable deprecation, use _CRT_SECURE_NO_WARNINGS. See online help for details.
                 E:\Program and Software\Visual Studio 2012\VC\include\stdio.h(237) : 参见“fscanf”的声明
     1>main.cpp(136): warning C4996: 'fscanf': This function or variable may be unsafe. Consider using fscanf_s instead. To disable deprecation, use _CRT_SECURE_NO_WARNINGS. See online help for details.
                 E:\Program and Software\Visual Studio 2012\VC\include\stdio.h(237) : 参见“fscanf”的声明
     1>main.cpp(141): warning C4996: 'fscanf': This function or variable may be unsafe. Consider using fscanf_s instead. To disable deprecation, use _CRT_SECURE_NO_WARNINGS. See online help for details.
                 E:\Program and Software\Visual Studio 2012\VC\include\stdio.h(237) : 参见“fscanf”的声明
     1>main.cpp(144): warning C4996: 'fscanf': This function or variable may be unsafe. Consider using fscanf_s instead. To disable deprecation, use _CRT_SECURE_NO_WARNINGS. See online help for details.
                 E:\Program and Software\Visual Studio 2012\VC\include\stdio.h(237) : 参见“fscanf”的声明
     1>main.cpp(145): warning C4996: 'fscanf': This function or variable may be unsafe. Consider using fscanf_s instead. To disable deprecation, use _CRT_SECURE_NO_WARNINGS. See online help for details.
                 E:\Program and Software\Visual Studio 2012\VC\include\stdio.h(237) : 参见“fscanf”的声明
     1>main.cpp(146): warning C4996: 'fscanf': This function or variable may be unsafe. Consider using fscanf_s instead. To disable deprecation, use _CRT_SECURE_NO_WARNINGS. See online help for details.
                 E:\Program and Software\Visual Studio 2012\VC\include\stdio.h(237) : 参见“fscanf”的声明
     1>main.cpp(156): warning C4996: 'fscanf': This function or variable may be unsafe. Consider using fscanf_s instead. To disable deprecation, use _CRT_SECURE_NO_WARNINGS. See online help for details.
                 E:\Program and Software\Visual Studio 2012\VC\include\stdio.h(237) : 参见“fscanf”的声明
     1>main.cpp(163): warning C4996: 'fscanf': This function or variable may be unsafe. Consider using fscanf_s instead. To disable deprecation, use _CRT_SECURE_NO_WARNINGS. See online help for details.
                 E:\Program and Software\Visual Studio 2012\VC\include\stdio.h(237) : 参见“fscanf”的声明
     1>main.cpp(168): warning C4996: 'fscanf': This function or variable may be unsafe. Consider using fscanf_s instead. To disable deprecation, use _CRT_SECURE_NO_WARNINGS. See online help for details.
                 E:\Program and Software\Visual Studio 2012\VC\include\stdio.h(237) : 参见“fscanf”的声明
     1>main.cpp(169): warning C4996: 'fscanf': This function or variable may be unsafe. Consider using fscanf_s instead. To disable deprecation, use _CRT_SECURE_NO_WARNINGS. See online help for details.
                 E:\Program and Software\Visual Studio 2012\VC\include\stdio.h(237) : 参见“fscanf”的声明
     1>main.cpp(175): warning C4996: 'fscanf': This function or variable may be unsafe. Consider using fscanf_s instead. To disable deprecation, use _CRT_SECURE_NO_WARNINGS. See online help for details.
                 E:\Program and Software\Visual Studio 2012\VC\include\stdio.h(237) : 参见“fscanf”的声明
         subwindows.cpp
     1>subwindows.cpp(139): warning C4996: 'sprintf': This function or variable may be unsafe. Consider using sprintf_s instead. To disable deprecation, use _CRT_SECURE_NO_WARNINGS. See online help for details.
                 E:\Program and Software\Visual Studio 2012\VC\include\stdio.h(357) : 参见“sprintf”的声明
     1>subwindows.cpp(140): warning C4996: 'sprintf': This function or variable may be unsafe. Consider using sprintf_s instead. To disable deprecation, use _CRT_SECURE_NO_WARNINGS. See online help for details.
                 E:\Program and Software\Visual Studio 2012\VC\include\stdio.h(357) : 参见“sprintf”的声明
     1>subwindows.cpp(145): warning C4996: 'sprintf': This function or variable may be unsafe. Consider using sprintf_s instead. To disable deprecation, use _CRT_SECURE_NO_WARNINGS. See online help for details.
                 E:\Program and Software\Visual Studio 2012\VC\include\stdio.h(357) : 参见“sprintf”的声明
     1>subwindows.cpp(146): warning C4996: 'fopen': This function or variable may be unsafe. Consider using fopen_s instead. To disable deprecation, use _CRT_SECURE_NO_WARNINGS. See online help for details.
                 E:\Program and Software\Visual Studio 2012\VC\include\stdio.h(218) : 参见“fopen”的声明
     1>subwindows.cpp(147): warning C4996: 'fscanf': This function or variable may be unsafe. Consider using fscanf_s instead. To disable deprecation, use _CRT_SECURE_NO_WARNINGS. See online help for details.
                 E:\Program and Software\Visual Studio 2012\VC\include\stdio.h(237) : 参见“fscanf”的声明
     1>subwindows.cpp(157): warning C4996: 'fscanf': This function or variable may be unsafe. Consider using fscanf_s instead. To disable deprecation, use _CRT_SECURE_NO_WARNINGS. See online help for details.
                 E:\Program and Software\Visual Studio 2012\VC\include\stdio.h(237) : 参见“fscanf”的声明
     1>subwindows.cpp(430): warning C4244: “参数”: 从“time_t”转换到“unsigned long”，可能丢失数据
     1>subwindows.cpp(448): warning C4996: 'itoa': The POSIX name for this item is deprecated. Instead, use the ISO C++ conformant name: _itoa. See online help for details.
                 E:\Program and Software\Visual Studio 2012\VC\include\stdlib.h(909) : 参见“itoa”的声明
     1>subwindows.cpp(449): warning C4996: 'sprintf': This function or variable may be unsafe. Consider using sprintf_s instead. To disable deprecation, use _CRT_SECURE_NO_WARNINGS. See online help for details.
                 E:\Program and Software\Visual Studio 2012\VC\include\stdio.h(357) : 参见“sprintf”的声明
     1>subwindows.cpp(471): warning C4996: 'itoa': The POSIX name for this item is deprecated. Instead, use the ISO C++ conformant name: _itoa. See online help for details.
                 E:\Program and Software\Visual Studio 2012\VC\include\stdlib.h(909) : 参见“itoa”的声明
     1>subwindows.cpp(472): warning C4996: 'sprintf': This function or variable may be unsafe. Consider using sprintf_s instead. To disable deprecation, use _CRT_SECURE_NO_WARNINGS. See online help for details.
                 E:\Program and Software\Visual Studio 2012\VC\include\stdio.h(357) : 参见“sprintf”的声明
     1>subwindows.cpp(473): warning C4996: 'sprintf': This function or variable may be unsafe. Consider using sprintf_s instead. To disable deprecation, use _CRT_SECURE_NO_WARNINGS. See online help for details.
                 E:\Program and Software\Visual Studio 2012\VC\include\stdio.h(357) : 参见“sprintf”的声明
     1>subwindows.cpp(474): warning C4996: 'sprintf': This function or variable may be unsafe. Consider using sprintf_s instead. To disable deprecation, use _CRT_SECURE_NO_WARNINGS. See online help for details.
                 E:\Program and Software\Visual Studio 2012\VC\include\stdio.h(357) : 参见“sprintf”的声明
     1>subwindows.cpp(475): warning C4996: 'sprintf': This function or variable may be unsafe. Consider using sprintf_s instead. To disable deprecation, use _CRT_SECURE_NO_WARNINGS. See online help for details.
                 E:\Program and Software\Visual Studio 2012\VC\include\stdio.h(357) : 参见“sprintf”的声明
     1>subwindows.cpp(494): warning C4996: 'sprintf': This function or variable may be unsafe. Consider using sprintf_s instead. To disable deprecation, use _CRT_SECURE_NO_WARNINGS. See online help for details.
                 E:\Program and Software\Visual Studio 2012\VC\include\stdio.h(357) : 参见“sprintf”的声明
     1>subwindows.cpp(495): warning C4996: 'sprintf': This function or variable may be unsafe. Consider using sprintf_s instead. To disable deprecation, use _CRT_SECURE_NO_WARNINGS. See online help for details.
                 E:\Program and Software\Visual Studio 2012\VC\include\stdio.h(357) : 参见“sprintf”的声明
     1>subwindows.cpp(502): warning C4996: 'sprintf': This function or variable may be unsafe. Consider using sprintf_s instead. To disable deprecation, use _CRT_SECURE_NO_WARNINGS. See online help for details.
                 E:\Program and Software\Visual Studio 2012\VC\include\stdio.h(357) : 参见“sprintf”的声明
     1>subwindows.cpp(503): warning C4996: 'sprintf': This function or variable may be unsafe. Consider using sprintf_s instead. To disable deprecation, use _CRT_SECURE_NO_WARNINGS. See online help for details.
                 E:\Program and Software\Visual Studio 2012\VC\include\stdio.h(357) : 参见“sprintf”的声明
     1>subwindows.cpp(442): warning C4101: “command”: 未引用的局部变量
     1>subwindows.cpp(519): warning C4996: 'itoa': The POSIX name for this item is deprecated. Instead, use the ISO C++ conformant name: _itoa. See online help for details.
                 E:\Program and Software\Visual Studio 2012\VC\include\stdlib.h(909) : 参见“itoa”的声明
     1>subwindows.cpp(520): warning C4996: 'sprintf': This function or variable may be unsafe. Consider using sprintf_s instead. To disable deprecation, use _CRT_SECURE_NO_WARNINGS. See online help for details.
                 E:\Program and Software\Visual Studio 2012\VC\include\stdio.h(357) : 参见“sprintf”的声明
     1>subwindows.cpp(528): warning C4996: 'itoa': The POSIX name for this item is deprecated. Instead, use the ISO C++ conformant name: _itoa. See online help for details.
                 E:\Program and Software\Visual Studio 2012\VC\include\stdlib.h(909) : 参见“itoa”的声明
     1>subwindows.cpp(529): warning C4996: 'sprintf': This function or variable may be unsafe. Consider using sprintf_s instead. To disable deprecation, use _CRT_SECURE_NO_WARNINGS. See online help for details.
                 E:\Program and Software\Visual Studio 2012\VC\include\stdio.h(357) : 参见“sprintf”的声明
     1>subwindows.cpp(530): warning C4996: 'sprintf': This function or variable may be unsafe. Consider using sprintf_s instead. To disable deprecation, use _CRT_SECURE_NO_WARNINGS. See online help for details.
                 E:\Program and Software\Visual Studio 2012\VC\include\stdio.h(357) : 参见“sprintf”的声明
     1>subwindows.cpp(531): warning C4996: 'sprintf': This function or variable may be unsafe. Consider using sprintf_s instead. To disable deprecation, use _CRT_SECURE_NO_WARNINGS. See online help for details.
                 E:\Program and Software\Visual Studio 2012\VC\include\stdio.h(357) : 参见“sprintf”的声明
     1>subwindows.cpp(568): warning C4996: 'access': The POSIX name for this item is deprecated. Instead, use the ISO C++ conformant name: _access. See online help for details.
                 E:\Program and Software\Visual Studio 2012\VC\include\io.h(302) : 参见“access”的声明
     1>subwindows.cpp(586): warning C4996: 'itoa': The POSIX name for this item is deprecated. Instead, use the ISO C++ conformant name: _itoa. See online help for details.
                 E:\Program and Software\Visual Studio 2012\VC\include\stdlib.h(909) : 参见“itoa”的声明
     1>subwindows.cpp(587): warning C4129: “i”: 不可识别的字符转义序列
     1>subwindows.cpp(587): warning C4996: 'sprintf': This function or variable may be unsafe. Consider using sprintf_s instead. To disable deprecation, use _CRT_SECURE_NO_WARNINGS. See online help for details.
                 E:\Program and Software\Visual Studio 2012\VC\include\stdio.h(357) : 参见“sprintf”的声明
     1>subwindows.cpp(595): warning C4996: 'itoa': The POSIX name for this item is deprecated. Instead, use the ISO C++ conformant name: _itoa. See online help for details.
                 E:\Program and Software\Visual Studio 2012\VC\include\stdlib.h(909) : 参见“itoa”的声明
     1>subwindows.cpp(596): warning C4996: 'sprintf': This function or variable may be unsafe. Consider using sprintf_s instead. To disable deprecation, use _CRT_SECURE_NO_WARNINGS. See online help for details.
                 E:\Program and Software\Visual Studio 2012\VC\include\stdio.h(357) : 参见“sprintf”的声明
     1>subwindows.cpp(597): warning C4996: 'sprintf': This function or variable may be unsafe. Consider using sprintf_s instead. To disable deprecation, use _CRT_SECURE_NO_WARNINGS. See online help for details.
                 E:\Program and Software\Visual Studio 2012\VC\include\stdio.h(357) : 参见“sprintf”的声明
     1>subwindows.cpp(611): warning C4996: 'itoa': The POSIX name for this item is deprecated. Instead, use the ISO C++ conformant name: _itoa. See online help for details.
                 E:\Program and Software\Visual Studio 2012\VC\include\stdlib.h(909) : 参见“itoa”的声明
     1>subwindows.cpp(612): warning C4996: 'sprintf': This function or variable may be unsafe. Consider using sprintf_s instead. To disable deprecation, use _CRT_SECURE_NO_WARNINGS. See online help for details.
                 E:\Program and Software\Visual Studio 2012\VC\include\stdio.h(357) : 参见“sprintf”的声明
     1>subwindows.cpp(616): warning C4996: 'access': The POSIX name for this item is deprecated. Instead, use the ISO C++ conformant name: _access. See online help for details.
                 E:\Program and Software\Visual Studio 2012\VC\include\io.h(302) : 参见“access”的声明
     1>subwindows.cpp(618): warning C4996: 'fopen': This function or variable may be unsafe. Consider using fopen_s instead. To disable deprecation, use _CRT_SECURE_NO_WARNINGS. See online help for details.
                 E:\Program and Software\Visual Studio 2012\VC\include\stdio.h(218) : 参见“fopen”的声明
     1>subwindows.cpp(620): warning C4996: 'fscanf': This function or variable may be unsafe. Consider using fscanf_s instead. To disable deprecation, use _CRT_SECURE_NO_WARNINGS. See online help for details.
                 E:\Program and Software\Visual Studio 2012\VC\include\stdio.h(237) : 参见“fscanf”的声明
     1>subwindows.cpp(653): warning C4996: 'itoa': The POSIX name for this item is deprecated. Instead, use the ISO C++ conformant name: _itoa. See online help for details.
                 E:\Program and Software\Visual Studio 2012\VC\include\stdlib.h(909) : 参见“itoa”的声明
     1>subwindows.cpp(654): warning C4996: 'sprintf': This function or variable may be unsafe. Consider using sprintf_s instead. To disable deprecation, use _CRT_SECURE_NO_WARNINGS. See online help for details.
                 E:\Program and Software\Visual Studio 2012\VC\include\stdio.h(357) : 参见“sprintf”的声明
     1>subwindows.cpp(655): warning C4996: 'sprintf': This function or variable may be unsafe. Consider using sprintf_s instead. To disable deprecation, use _CRT_SECURE_NO_WARNINGS. See online help for details.
                 E:\Program and Software\Visual Studio 2012\VC\include\stdio.h(357) : 参见“sprintf”的声明
     1>subwindows.cpp(580): warning C4101: “j”: 未引用的局部变量
     1>subwindows.cpp(734): warning C4996: 'itoa': The POSIX name for this item is deprecated. Instead, use the ISO C++ conformant name: _itoa. See online help for details.
                 E:\Program and Software\Visual Studio 2012\VC\include\stdlib.h(909) : 参见“itoa”的声明
     1>subwindows.cpp(735): warning C4129: “i”: 不可识别的字符转义序列
     1>subwindows.cpp(735): warning C4996: 'sprintf': This function or variable may be unsafe. Consider using sprintf_s instead. To disable deprecation, use _CRT_SECURE_NO_WARNINGS. See online help for details.
                 E:\Program and Software\Visual Studio 2012\VC\include\stdio.h(357) : 参见“sprintf”的声明
     1>subwindows.cpp(737): warning C4996: 'sprintf': This function or variable may be unsafe. Consider using sprintf_s instead. To disable deprecation, use _CRT_SECURE_NO_WARNINGS. See online help for details.
                 E:\Program and Software\Visual Studio 2012\VC\include\stdio.h(357) : 参见“sprintf”的声明
     1>subwindows.cpp(738): warning C4996: 'sprintf': This function or variable may be unsafe. Consider using sprintf_s instead. To disable deprecation, use _CRT_SECURE_NO_WARNINGS. See online help for details.
                 E:\Program and Software\Visual Studio 2012\VC\include\stdio.h(357) : 参见“sprintf”的声明
     1>subwindows.cpp(747): warning C4996: 'itoa': The POSIX name for this item is deprecated. Instead, use the ISO C++ conformant name: _itoa. See online help for details.
                 E:\Program and Software\Visual Studio 2012\VC\include\stdlib.h(909) : 参见“itoa”的声明
     1>subwindows.cpp(752): warning C4996: 'sprintf': This function or variable may be unsafe. Consider using sprintf_s instead. To disable deprecation, use _CRT_SECURE_NO_WARNINGS. See online help for details.
                 E:\Program and Software\Visual Studio 2012\VC\include\stdio.h(357) : 参见“sprintf”的声明
     1>subwindows.cpp(753): warning C4996: 'itoa': The POSIX name for this item is deprecated. Instead, use the ISO C++ conformant name: _itoa. See online help for details.
                 E:\Program and Software\Visual Studio 2012\VC\include\stdlib.h(909) : 参见“itoa”的声明
     1>subwindows.cpp(754): warning C4996: 'sprintf': This function or variable may be unsafe. Consider using sprintf_s instead. To disable deprecation, use _CRT_SECURE_NO_WARNINGS. See online help for details.
                 E:\Program and Software\Visual Studio 2012\VC\include\stdio.h(357) : 参见“sprintf”的声明
     1>subwindows.cpp(755): warning C4996: 'strcat': This function or variable may be unsafe. Consider using strcat_s instead. To disable deprecation, use _CRT_SECURE_NO_WARNINGS. See online help for details.
                 E:\Program and Software\Visual Studio 2012\VC\include\string.h(115) : 参见“strcat”的声明
     1>subwindows.cpp(798): warning C4996: 'strcpy': This function or variable may be unsafe. Consider using strcpy_s instead. To disable deprecation, use _CRT_SECURE_NO_WARNINGS. See online help for details.
                 E:\Program and Software\Visual Studio 2012\VC\include\string.h(110) : 参见“strcpy”的声明
     1>subwindows.cpp(802): warning C4996: 'sscanf': This function or variable may be unsafe. Consider using sscanf_s instead. To disable deprecation, use _CRT_SECURE_NO_WARNINGS. See online help for details.
                 E:\Program and Software\Visual Studio 2012\VC\include\stdio.h(311) : 参见“sscanf”的声明
     1>subwindows.cpp(847): warning C4996: 'strcpy': This function or variable may be unsafe. Consider using strcpy_s instead. To disable deprecation, use _CRT_SECURE_NO_WARNINGS. See online help for details.
                 E:\Program and Software\Visual Studio 2012\VC\include\string.h(110) : 参见“strcpy”的声明
     1>subwindows.cpp(851): warning C4996: 'sscanf': This function or variable may be unsafe. Consider using sscanf_s instead. To disable deprecation, use _CRT_SECURE_NO_WARNINGS. See online help for details.
                 E:\Program and Software\Visual Studio 2012\VC\include\stdio.h(311) : 参见“sscanf”的声明
     1>subwindows.cpp(715): warning C4101: “y2”: 未引用的局部变量
     1>subwindows.cpp(715): warning C4101: “x2”: 未引用的局部变量
     1>subwindows.cpp(715): warning C4101: “y1”: 未引用的局部变量
     1>subwindows.cpp(715): warning C4101: “y3”: 未引用的局部变量
     1>subwindows.cpp(715): warning C4101: “y4”: 未引用的局部变量
     1>subwindows.cpp(715): warning C4101: “x4”: 未引用的局部变量
     1>subwindows.cpp(715): warning C4101: “x1”: 未引用的局部变量
     1>subwindows.cpp(715): warning C4101: “x3”: 未引用的局部变量
     1>subwindows.cpp(981): warning C4996: 'sprintf': This function or variable may be unsafe. Consider using sprintf_s instead. To disable deprecation, use _CRT_SECURE_NO_WARNINGS. See online help for details.
                 E:\Program and Software\Visual Studio 2012\VC\include\stdio.h(357) : 参见“sprintf”的声明
     1>subwindows.cpp(982): warning C4996: 'sprintf': This function or variable may be unsafe. Consider using sprintf_s instead. To disable deprecation, use _CRT_SECURE_NO_WARNINGS. See online help for details.
                 E:\Program and Software\Visual Studio 2012\VC\include\stdio.h(357) : 参见“sprintf”的声明
     1>subwindows.cpp(983): warning C4996: 'fopen': This function or variable may be unsafe. Consider using fopen_s instead. To disable deprecation, use _CRT_SECURE_NO_WARNINGS. See online help for details.
                 E:\Program and Software\Visual Studio 2012\VC\include\stdio.h(218) : 参见“fopen”的声明
     1>subwindows.cpp(984): warning C4996: 'fscanf': This function or variable may be unsafe. Consider using fscanf_s instead. To disable deprecation, use _CRT_SECURE_NO_WARNINGS. See online help for details.
                 E:\Program and Software\Visual Studio 2012\VC\include\stdio.h(237) : 参见“fscanf”的声明
     1>subwindows.cpp(990): warning C4996: 'fscanf': This function or variable may be unsafe. Consider using fscanf_s instead. To disable deprecation, use _CRT_SECURE_NO_WARNINGS. See online help for details.
                 E:\Program and Software\Visual Studio 2012\VC\include\stdio.h(237) : 参见“fscanf”的声明
     1>subwindows.cpp(994): warning C4996: 'fopen': This function or variable may be unsafe. Consider using fopen_s instead. To disable deprecation, use _CRT_SECURE_NO_WARNINGS. See online help for details.
                 E:\Program and Software\Visual Studio 2012\VC\include\stdio.h(218) : 参见“fopen”的声明
     1>subwindows.cpp(995): warning C4996: 'fscanf': This function or variable may be unsafe. Consider using fscanf_s instead. To disable deprecation, use _CRT_SECURE_NO_WARNINGS. See online help for details.
                 E:\Program and Software\Visual Studio 2012\VC\include\stdio.h(237) : 参见“fscanf”的声明
     1>subwindows.cpp(1000): warning C4996: 'fscanf': This function or variable may be unsafe. Consider using fscanf_s instead. To disable deprecation, use _CRT_SECURE_NO_WARNINGS. See online help for details.
                 E:\Program and Software\Visual Studio 2012\VC\include\stdio.h(237) : 参见“fscanf”的声明
     1>subwindows.cpp(972): warning C4101: “tmp1”: 未引用的局部变量
       Link:
         E:\Program and Software\Visual Studio 2012\VC\bin\x86_amd64\link.exe /ERRORREPORT:PROMPT /OUT:"G:\Ideas\DSCM-CAU\SAPSO\SAPSO1\x64\Release\SAPSO1.exe" /INCREMENTAL:NO /NOLOGO kernel32.lib user32.lib gdi32.lib winspool.lib comdlg32.lib advapi32.lib shell32.lib ole32.lib oleaut32.lib uuid.lib odbc32.lib odbccp32.lib /MANIFEST /MANIFESTUAC:"level='asInvoker' uiAccess='false'" /manifest:embed /DEBUG /PDB:"G:\Ideas\DSCM-CAU\SAPSO\SAPSO1\x64\Release\SAPSO1.pdb" /SUBSYSTEM:CONSOLE /OPT:REF /OPT:ICF /LTCG /TLBID:1 /DYNAMICBASE /NXCOMPAT /IMPLIB:"G:\Ideas\DSCM-CAU\SAPSO\SAPSO1\x64\Release\SAPSO1.lib" /MACHINE:X64 x64\Release\File.obj
         x64\Release\main.obj
         x64\Release\subwindows.obj
         正在生成代码
         已完成代码的生成
         SAPSO1.vcxproj -> G:\Ideas\DSCM-CAU\SAPSO\SAPSO1\x64\Release\SAPSO1.exe
     1>已完成生成项目“G:\Ideas\DSCM-CAU\SAPSO\SAPSO1\SAPSO1\SAPSO1.vcxproj”(Rebuild 个目标)的操作。

生成成功。

已用时间 00:00:02.84
