G:\IDEAS\DSCM-CAU\SAPSO\SAPSO1\SAPSO1\X64\DEBUG\FILE.OBJ
G:\IDEAS\DSCM-CAU\SAPSO\SAPSO1\SAPSO1\X64\DEBUG\MAIN.OBJ
G:\IDEAS\DSCM-CAU\SAPSO\SAPSO1\SAPSO1\X64\DEBUG\SUBWINDOWS.OBJ
G:\IDEAS\DSCM-CAU\SAPSO\SAPSO1\SAPSO1\X64\DEBUG\VC110.PDB
G:\IDEAS\DSCM-CAU\SAPSO\SAPSO1\X64\DEBUG\SAPSO1.ILK
G:\IDEAS\DSCM-CAU\SAPSO\SAPSO1\X64\DEBUG\SAPSO1.EXE
G:\IDEAS\DSCM-CAU\SAPSO\SAPSO1\X64\DEBUG\SAPSO1.PDB
G:\Ideas\DSCM-CAU\SAPSO\SAPSO1\SAPSO1\x64\Debug\File.obj
G:\Ideas\DSCM-CAU\SAPSO\SAPSO1\SAPSO1\x64\Debug\main.obj
G:\Ideas\DSCM-CAU\SAPSO\SAPSO1\SAPSO1\x64\Debug\subwindows.obj
G:\Ideas\DSCM-CAU\SAPSO\SAPSO1\SAPSO1\x64\Debug\cl.command.1.tlog
G:\Ideas\DSCM-CAU\SAPSO\SAPSO1\SAPSO1\x64\Debug\CL.read.1.tlog
G:\Ideas\DSCM-CAU\SAPSO\SAPSO1\SAPSO1\x64\Debug\CL.write.1.tlog
G:\Ideas\DSCM-CAU\SAPSO\SAPSO1\SAPSO1\x64\Debug\link-cvtres.read.1.tlog
G:\Ideas\DSCM-CAU\SAPSO\SAPSO1\SAPSO1\x64\Debug\link-cvtres.write.1.tlog
G:\Ideas\DSCM-CAU\SAPSO\SAPSO1\SAPSO1\x64\Debug\link-rc.read.1.tlog
G:\Ideas\DSCM-CAU\SAPSO\SAPSO1\SAPSO1\x64\Debug\link-rc.write.1.tlog
G:\Ideas\DSCM-CAU\SAPSO\SAPSO1\SAPSO1\x64\Debug\link.command.1.tlog
G:\Ideas\DSCM-CAU\SAPSO\SAPSO1\SAPSO1\x64\Debug\link.read.1.tlog
G:\Ideas\DSCM-CAU\SAPSO\SAPSO1\SAPSO1\x64\Debug\link.write.1.tlog
G:\Ideas\DSCM-CAU\SAPSO\SAPSO1\SAPSO1\x64\Debug\vc110.idb
G:\Ideas\DSCM-CAU\SAPSO\SAPSO1\SAPSO1\x64\Debug\vc110.pdb
G:\Ideas\DSCM-CAU\SAPSO\SAPSO1\x64\Debug\SAPSO1.pdb
G:\Ideas\DSCM-CAU\SAPSO\SAPSO1\x64\Debug\SAPSO1.exe
G:\Ideas\DSCM-CAU\SAPSO\SAPSO1\x64\Debug\SAPSO1.ilk
